C51 COMPILER V9.01   LCD1602                                                               03/28/2021 14:10:40 PAGE 1   


C51 COMPILER V9.01, COMPILATION OF MODULE LCD1602
OBJECT MODULE PLACED IN lcd1602.OBJ
COMPILER INVOKED BY: d:\Keil\C51\BIN\C51.EXE lcd1602.c BROWSE DEBUG OBJECTEXTEND

line level    source

   1          #include "lcd1602.h"
   2          
   3          void delay_uint(uint i)
   4          {
   5   1              while(i--);
   6   1      }
   7          /********************************************************************
   8          * 名称 : write_com(uchar com)
   9          * 功能 : 1602命令函数
  10          * 输入 : 输入的命令值
  11          * 输出 : 无
  12          ***********************************************************************/
  13          void write_com(uchar com)
  14          {
  15   1              e=0;
  16   1              rs=0;
  17   1              rw=0;
  18   1              P0=com;
  19   1              delay_uint(20);
  20   1              e=1;
  21   1              delay_uint(20);
  22   1              e=0;
  23   1      }
  24          
  25          /********************************************************************
  26          * 名称 : write_data(uchar dat)
  27          * 功能 : 1602写数据函数
  28          * 输入 : 需要写入1602的数据
  29          * 输出 : 无
  30          ***********************************************************************/
  31          void write_data(uchar dat)
  32          {
  33   1              e=0;
  34   1              rs=1;
  35   1              rw=0;
  36   1              P0=dat;
  37   1              delay_uint(20);
  38   1              e=1;
  39   1              delay_uint(20);
  40   1              e=0;    
  41   1      }
  42          
  43          
  44          /********************************************************************
  45          * 名称 : write_string(uchar hang,uchar add,uchar *p)
  46          * 功能 : 改变液晶中某位的值，如果要让第一行，第五个字符开始显示"ab cd ef" ，调用该函数如下
  47                           write_string(1,5,"ab cd ef;")
  48          * 输入 : 行，列，需要输入1602的数据
  49          * 输出 : 无
  50          ***********************************************************************/
  51          void write_string(uchar hang,uchar add,uchar *p)
  52          {
  53   1              if(hang==1)   
  54   1                      write_com(0x80+add);
  55   1              else
C51 COMPILER V9.01   LCD1602                                                               03/28/2021 14:10:40 PAGE 2   

  56   1                      write_com(0x80+0x40+add);
  57   1                      while(1)
  58   1                      {
  59   2                              if(*p == '\0')  break;
  60   2                              write_data(*p);
  61   2                              p++;
  62   2                      }       
  63   1      }
  64          
  65          /********************************************************************
  66          * 名称 : init_1602()
  67          * 功能 : 初始化1602液晶 
  68          * 输入 : 无
  69          * 输出 : 无
  70          ***********************************************************************/
  71          void init_1602()
  72          {
  73   1              write_com(0x38);                                                //数据总线为8位，显示2行，5x7点阵
  74   1              write_com(0x0c);                                                //开显示，有光标，光标闪烁
  75   1              write_com(0x06);                                                //光标自动右移
  76   1              delay_uint(1000);                                               //等待设置完成
  77   1      }


MODULE INFORMATION:   STATIC OVERLAYABLE
   CODE SIZE        =    103    ----
   CONSTANT SIZE    =   ----    ----
   XDATA SIZE       =   ----    ----
   PDATA SIZE       =   ----    ----
   DATA SIZE        =   ----    ----
   IDATA SIZE       =   ----    ----
   BIT SIZE         =   ----    ----
END OF MODULE INFORMATION.


C51 COMPILATION COMPLETE.  0 WARNING(S),  0 ERROR(S)
